build/app/outputs/mapping/release/mapping.txt
# compiler: R8
# compiler_version: 1.5.64
# min_api: 16
# pg_map_id: 0df026e
...
io.flutter.plugin.common.MethodChannel -> b.a.c.a.i:
    io.flutter.plugin.common.MethodCodec codec -> c
    io.flutter.plugin.common.BinaryMessenger$TaskQueue taskQueue -> d
    io.flutter.plugin.common.BinaryMessenger messenger -> a
    java.lang.String name -> b
    io.flutter.plugin.common.MethodCodec access$000(io.flutter.plugin.common.MethodChannel) -> a
    void invokeMethod(java.lang.String,java.lang.Object) -> a
    void invokeMethod(java.lang.String,java.lang.Object,io.flutter.plugin.common.MethodChannel$Result) -> a
    void setMethodCallHandler(io.flutter.plugin.common.MethodChannel$MethodCallHandler) -> a
    java.lang.String access$100(io.flutter.plugin.common.MethodChannel) -> b
io.flutter.plugin.common.MethodChannel$IncomingMethodCallHandler -> b.a.c.a.i$a:
    io.flutter.plugin.common.MethodChannel$MethodCallHandler handler -> a
    io.flutter.plugin.common.MethodChannel this$0 -> b
    java.lang.String getStackTrace(java.lang.Exception) -> a
    void onMessage(java.nio.ByteBuffer,io.flutter.plugin.common.BinaryMessenger$BinaryReply) -> a
io.flutter.plugin.common.MethodChannel$IncomingMethodCallHandler$1 -> b.a.c.a.i$a$a:
    io.flutter.plugin.common.BinaryMessenger$BinaryReply val$reply -> a
    io.flutter.plugin.common.MethodChannel$IncomingMethodCallHandler this$1 -> b
    void error(java.lang.String,java.lang.String,java.lang.Object) -> a
    void notImplemented() -> a
    void success(java.lang.Object) -> a
io.flutter.plugin.common.MethodChannel$IncomingResultHandler -> b.a.c.a.i$b:
    io.flutter.plugin.common.MethodChannel$Result callback -> a
    io.flutter.plugin.common.MethodChannel this$0 -> b
    void reply(java.nio.ByteBuffer) -> a
io.flutter.plugin.common.MethodChannel$MethodCallHandler -> b.a.c.a.i$c:
    void onMethodCall(io.flutter.plugin.common.MethodCall,io.flutter.plugin.common.MethodChannel$Result) -> a
io.flutter.plugin.common.MethodChannel$Result -> b.a.c.a.i$d:
    void error(java.lang.String,java.lang.String,java.lang.Object) -> a
    void notImplemented() -> a
    void success(java.lang.Object) -> a
io.flutter.plugin.common.MethodCodec -> b.a.c.a.j:
    io.flutter.plugin.common.MethodCall decodeMethodCall(java.nio.ByteBuffer) -> a
    java.nio.ByteBuffer encodeErrorEnvelope(java.lang.String,java.lang.String,java.lang.Object) -> a
    java.nio.ByteBuffer encodeErrorEnvelopeWithStacktrace(java.lang.String,java.lang.String,java.lang.Object,java.lang.String) -> a
    java.nio.ByteBuffer encodeMethodCall(io.flutter.plugin.common.MethodCall) -> a
    java.nio.ByteBuffer encodeSuccessEnvelope(java.lang.Object) -> a
    java.lang.Object decodeEnvelope(java.nio.ByteBuffer) -> b
io.flutter.plugin.common.PluginRegistry$ActivityResultListener -> b.a.c.a.k:
    boolean onActivityResult(int,int,android.content.Intent) -> a
io.flutter.plugin.common.PluginRegistry$NewIntentListener -> b.a.c.a.l:
    boolean onNewIntent(android.content.Intent) -> a
io.flutter.plugin.common.PluginRegistry$RequestPermissionsResultListener -> b.a.c.a.m:
    boolean onRequestPermissionsResult(int,java.lang.String[],int[]) -> a
io.flutter.plugin.common.PluginRegistry$UserLeaveHintListener -> b.a.c.a.n:
    void onUserLeaveHint() -> a